Sencha Cmd 6.6.0.13 - Crash report
================================================
An error occurred while executing the following command: app watch -port 2223

Diagnostic information:
=======================
                      app.bootstrap.base : C:\Users\oksilv\sencha-workstation\Inventori\build\production\Inventori
                        app.cache.deltas : true                                              
                        app.cache.enable : true                                              
                          app.compressor : null                                              
                          app.config.dir : C:\Users\oksilv\bin\Sencha\Cmd\6.6.0.13\ant\build\app
                app.cordova.cache.enable : false                                             
                   app.cordova.config.id : com.domain.Inventori                              
                 app.cordova.config.name : Inventori                                         
                 app.cordova.config.path : C:\Users\oksilv\sencha-workstation\Inventori\build\production\Inventori/cordova
               app.cordova.config.target :                                                   
              app.cordova.config.verbose : false                                             
                   app.cordova.js.0.path : cordova.js                                        
               app.cordova.js.0.priority : 1000                                              
                 app.cordova.js.0.remote : true                                              
                   app.cordova.js.length : 1                                                 
                 app.cordova.microloader : C:\Users\oksilv\bin\Sencha\Cmd\6.6.0.13\ant\build\app/Microloader.js
      app.cordova.output.appCache.enable : false                                             
                 app.cordova.output.base : C:\Users\oksilv\sencha-workstation\Inventori\build\production\Inventori/cordova/www
             app.cordova.output.manifest : ${build.id}.json                                  
                 app.cordova.output.page : index.html                                        
                                 app.dir : C:\Users\oksilv\sencha-workstation\Inventori\build\production\Inventori
              app.fashion.inliner.enable : false                                             
                           app.framework : ext                                               
                                app.hash : 6fe6bad943a73084fcc3a6679e83e5606a9e87ae          
                                  app.id : fe44a827-e694-44f3-a5d0-dcda2badffc1              
                       app.indexHtmlPath : index.html                                        
                        app.loader.cache : 20200803145404                                    
                   app.loader.cacheParam : _dc                                               
                                app.name : Inventori                                         
                           app.namespace : Inventori                                         
              app.output.appCache.enable : false                                             
                         app.output.base : C:\Users\oksilv\sencha-workstation\Inventori/build/${build.environment}/Inventori
           app.output.microloader.enable : true                                              
                app.packages.cmd.current : 6.6.0.13                                          
                app.packages.cmd.version : 6.6.0.13                                          
                   app.packages.core.css : true                                              
              app.packages.core.included : true                                              
              app.packages.core.required : true                                              
              app.packages.core.requires : ext,modern                                        
            app.packages.core.requires.0 : ext                                               
            app.packages.core.requires.1 : modern                                            
       app.packages.core.requires.length : 2                                                 
               app.packages.core.version : 6.2.0.981                                         
                    app.packages.ext.css : true                                              
               app.packages.ext.included : true                                              
                app.packages.ext.license : gpl                                               
              app.packages.ext.namespace : Ext                                               
               app.packages.ext.required : true                                              
               app.packages.ext.requires :                                                   
        app.packages.ext.requires.length : 0                                                 
                app.packages.ext.version : 6.2.0.981                                         
           app.packages.font-awesome.css : true                                              
      app.packages.font-awesome.included : true                                              
     app.packages.font-awesome.namespace : Ext                                               
      app.packages.font-awesome.required : true                                              
      app.packages.font-awesome.requires : ext,core,modern,theme-base,font-ext,theme-neptune 
    app.packages.font-awesome.requires.0 : ext                                               
    app.packages.font-awesome.requires.1 : core                                              
    app.packages.font-awesome.requires.2 : modern                                            
    app.packages.font-awesome.requires.3 : theme-base                                        
    app.packages.font-awesome.requires.4 : font-ext                                          
    app.packages.font-awesome.requires.5 : theme-neptune                                     
app.packages.font-awesome.requires.length : 6                                                 
         app.packages.font-awesome.theme : theme-neptune                                     
       app.packages.font-awesome.version : 6.2.0.981                                         
               app.packages.font-ext.css : true                                              
          app.packages.font-ext.included : true                                              
         app.packages.font-ext.namespace : Ext                                               
          app.packages.font-ext.required : true                                              
          app.packages.font-ext.requires : ext,core,modern,theme-base,font-awesome,theme-neptune
        app.packages.font-ext.requires.0 : ext                                               
        app.packages.font-ext.requires.1 : core                                              
        app.packages.font-ext.requires.2 : modern                                            
        app.packages.font-ext.requires.3 : theme-base                                        
        app.packages.font-ext.requires.4 : font-awesome                                      
        app.packages.font-ext.requires.5 : theme-neptune                                     
   app.packages.font-ext.requires.length : 6                                                 
             app.packages.font-ext.theme : theme-neptune                                     
           app.packages.font-ext.version : 6.2.0.981                                         
                 app.packages.modern.css : true                                              
            app.packages.modern.included : true                                              
           app.packages.modern.namespace : Ext                                               
            app.packages.modern.required : true                                              
            app.packages.modern.requires : ext,core                                          
          app.packages.modern.requires.0 : ext                                               
          app.packages.modern.requires.1 : core                                              
     app.packages.modern.requires.length : 2                                                 
             app.packages.modern.version : 6.2.0.981                                         
             app.packages.theme-base.css : true                                              
        app.packages.theme-base.included : true                                              
       app.packages.theme-base.namespace : Ext                                               
        app.packages.theme-base.required : true                                              
        app.packages.theme-base.requires : ext,core,modern                                   
      app.packages.theme-base.requires.0 : ext                                               
      app.packages.theme-base.requires.1 : core                                              
      app.packages.theme-base.requires.2 : modern                                            
 app.packages.theme-base.requires.length : 3                                                 
         app.packages.theme-base.version : 6.2.0.981                                         
         app.packages.theme-material.css : true                                              
      app.packages.theme-material.extend : theme-neptune                                     
    app.packages.theme-material.included : true                                              
   app.packages.theme-material.namespace : Ext                                               
    app.packages.theme-material.required : true                                              
    app.packages.theme-material.requires : ext,core,modern,theme-base,font-awesome,font-ext,theme-neptune
  app.packages.theme-material.requires.0 : ext                                               
  app.packages.theme-material.requires.1 : core                                              
  app.packages.theme-material.requires.2 : modern                                            
  app.packages.theme-material.requires.3 : theme-base                                        
  app.packages.theme-material.requires.4 : font-awesome                                      
  app.packages.theme-material.requires.5 : font-ext                                          
  app.packages.theme-material.requires.6 : theme-neptune                                     
app.packages.theme-material.requires.length : 7                                                 
     app.packages.theme-material.version : 6.2.0.981                                         
          app.packages.theme-neptune.css : true                                              
       app.packages.theme-neptune.extend : theme-base                                        
     app.packages.theme-neptune.included : true                                              
    app.packages.theme-neptune.namespace : Ext                                               
     app.packages.theme-neptune.required : true                                              
     app.packages.theme-neptune.requires : ext,core,modern,theme-base,font-awesome,font-ext  
   app.packages.theme-neptune.requires.0 : ext                                               
   app.packages.theme-neptune.requires.1 : core                                              
   app.packages.theme-neptune.requires.2 : modern                                            
   app.packages.theme-neptune.requires.3 : theme-base                                        
   app.packages.theme-neptune.requires.4 : font-awesome                                      
   app.packages.theme-neptune.requires.5 : font-ext                                          
app.packages.theme-neptune.requires.length : 6                                                 
      app.packages.theme-neptune.version : 6.2.0.981                                         
               app.phonegap.cache.enable : false                                             
                  app.phonegap.config.id : com.domain.Inventori                              
                app.phonegap.config.name : Inventori                                         
                app.phonegap.config.path : C:\Users\oksilv\sencha-workstation\Inventori\build\production\Inventori/phonegap
              app.phonegap.config.remote : false                                             
             app.phonegap.config.verbose : false                                             
                  app.phonegap.js.0.path : cordova.js                                        
              app.phonegap.js.0.priority : 1000                                              
                app.phonegap.js.0.remote : true                                              
                  app.phonegap.js.length : 1                                                 
                app.phonegap.microloader : C:\Users\oksilv\bin\Sencha\Cmd\6.6.0.13\ant\build\app/Microloader.js
     app.phonegap.output.appCache.enable : false                                             
                app.phonegap.output.base : C:\Users\oksilv\sencha-workstation\Inventori\build\production\Inventori/phonegap/www
            app.phonegap.output.manifest : ${build.id}.json                                  
                app.phonegap.output.page : index.html                                        
             app.production.cache.enable : true                                              
          app.production.compressor.type : cmd                                               
                             app.profile :                                                   
                        app.sass.dynamic : true                                              
                        app.sass.fashion : true                                              
                 app.slicer.cache.enable : false                                             
        app.slicer.js.0.isWidgetManifest : true                                              
                    app.slicer.js.0.path : C:\Users\oksilv\sencha-workstation\Inventori\build\production\Inventori/sass/example/custom.js
                    app.slicer.js.length : 1                                                 
       app.slicer.output.appCache.enable : false                                             
                               app.theme : theme-material                                    
                             app.toolkit : modern                                            
                             app.version : 1.0.0.0                                           
                    buildenvironment.dir : C:\Users\oksilv\sencha-workstation\Inventori\build\production\Inventori
               buildenvironment.load.dir : C:\Users\oksilv\sencha-workstation\Inventori\build\production\Inventori
                          cmd.config.dir : C:\Users\oksilv\bin\Sencha\Cmd\6.6.0.13           
                                 cmd.dir : C:\Users\oksilv\bin\Sencha\Cmd\6.6.0.13           
                    cmd.framework.minver : 5.5.0                                             
                   cmd.framework.version : 99.99                                             
              cmd.merge.tool.args.araxis : -wait -merge -3 -a1 {base} {user} {generated} {out}
              cmd.merge.tool.args.kdiff3 : {base} {user} {generated} -o {out}                
             cmd.merge.tool.args.p4merge : {base} {user} {generated} {out}                   
           cmd.merge.tool.args.smartsync : {user} {generated} {base}                         
          cmd.merge.tool.args.sourcegear : --merge --result={out} {user} {base} {generated}  
            cmd.merge.tool.args.tortoise : -base:{base} -theirs:{generated} -mine:{user} -merged:{out}
                              cmd.minver : 3.0.0.0                                           
                            cmd.platform : windows                                           
                     cmd.unicode.escapes : C:\Users\oksilv\bin\Sencha\Cmd\6.6.0.13/unicode-escapes.json
                             cmd.version : 6.6.0.13                                          
                            cmd.web.port : 1841                                              
                     config.skipDownload : true                                              
                      config.skipInherit : false                                             
                        ext.license.name : gpl                                               
                     framework.build.dir : ${package.output.base}                            
                     framework.classpath : ${package.dir}/src                                
                    framework.cmd.minver : 6.2.0.103                                         
                   framework.cmd.version : 6.2.0.103                                         
                 framework.compatVersion : 6.2.0                                             
                    framework.config.dir : C:\Users\oksilv\bin\Sencha\Cmd\6.6.0.13\plugins\ext\current
                       framework.creator : Sencha                                            
           framework.detailedDescription : Sencha Ext JS JavaScript Framework                
                           framework.dir : C:\Users\oksilv\sencha-workstation\Inventori\ext  
                  framework.example.apps : admin-dashboard,executive-dashboard,feed-viewer,kitchensink,calendar,classic/desktop,classic/ticket-app,classic/portal,classic/simple-tasks,classic/responsive-app,classic/aria,modern/addressbook,modern/blackberry,modern/energy,modern/stockapp,modern/states,modern/geocongress,modern/oreilly
                framework.example.apps.0 : admin-dashboard                                   
                framework.example.apps.1 : executive-dashboard                               
               framework.example.apps.10 : classic/aria                                      
               framework.example.apps.11 : modern/addressbook                                
               framework.example.apps.12 : modern/blackberry                                 
               framework.example.apps.13 : modern/energy                                     
               framework.example.apps.14 : modern/stockapp                                   
               framework.example.apps.15 : modern/states                                     
               framework.example.apps.16 : modern/geocongress                                
               framework.example.apps.17 : modern/oreilly                                    
                framework.example.apps.2 : feed-viewer                                       
                framework.example.apps.3 : kitchensink                                       
                framework.example.apps.4 : calendar                                          
                framework.example.apps.5 : classic/desktop                                   
                framework.example.apps.6 : classic/ticket-app                                
                framework.example.apps.7 : classic/portal                                    
                framework.example.apps.8 : classic/simple-tasks                              
                framework.example.apps.9 : classic/responsive-app                            
           framework.example.apps.length : 18                                                
                  framework.example.path : examples,templates                                
                framework.example.path.0 : examples                                          
                framework.example.path.1 : templates                                         
           framework.example.path.length : 2                                                 
                        framework.format : 1                                                 
                          framework.isV5 : true                                              
                          framework.isV6 : true                                              
                         framework.isV62 : true                                              
                          framework.name : ext                                               
                     framework.namespace : Ext                                               
                        framework.output : ${package.dir}/build                              
                     framework.overrides : ${package.dir}/overrides                          
                  framework.packages.dir : C:\Users\oksilv\sencha-workstation\Inventori\ext/packages/,C:\Users\oksilv\sencha-workstation\Inventori\ext/modern
                framework.resource.paths : resources                                         
              framework.resource.paths.0 : resources                                         
         framework.resource.paths.length : 1                                                 
                      framework.sass.etc : ${package.dir}/sass/etc/all.scss                  
                  framework.sass.fashion : true                                              
                framework.sass.namespace : Ext                                               
                      framework.sass.src : ${package.dir}/sass/src                           
                      framework.sass.var : ${package.dir}/sass/var                           
                       framework.subpkgs : classic/classic,modern/modern,packages/charts,packages/amf,packages/soap,packages/ux,packages/google,packages/legacy,packages/font-awesome,packages/font-pictos,packages/font-ext
                     framework.subpkgs.0 : classic/classic                                   
                     framework.subpkgs.1 : modern/modern                                     
                    framework.subpkgs.10 : packages/font-ext                                 
                     framework.subpkgs.2 : packages/charts                                   
                     framework.subpkgs.3 : packages/amf                                      
                     framework.subpkgs.4 : packages/soap                                     
                     framework.subpkgs.5 : packages/ux                                       
                     framework.subpkgs.6 : packages/google                                   
                     framework.subpkgs.7 : packages/legacy                                   
                     framework.subpkgs.8 : packages/font-awesome                             
                     framework.subpkgs.9 : packages/font-pictos                              
                framework.subpkgs.length : 11                                                
                       framework.summary : Ext JS                                            
                          framework.type : framework                                         
                       framework.version : 6.2.0.981                                         
                       inspector.address : http://localhost:1839/                            
                    package.sass.dynamic : true                                              
                          repo.local.dir : C:\Users\oksilv\bin\Sencha\Cmd\repo               
                       shared.sencha.dir : true                                              
        system.java.net.useSystemProxies : true                                              
                              theme.name : theme-material                                    
                            toolkit.name : modern                                            
                     workspace.build.dir : C:\Users\oksilv\sencha-workstation\Inventori/build
                    workspace.config.dir : C:\Users\oksilv\sencha-workstation\Inventori\.sencha\workspace
                           workspace.dir : C:\Users\oksilv\sencha-workstation\Inventori      
           workspace.frameworks.ext.path : C:\Users\oksilv\sencha-workstation\Inventori\ext  
        workspace.frameworks.ext.version : 6.2.0.981                                         
                  workspace.packages.dir : C:\Users\oksilv\sencha-workstation\Inventori/packages/local,C:\Users\oksilv\sencha-workstation\Inventori/packages
              workspace.packages.extract : C:\Users\oksilv\sencha-workstation\Inventori/packages/remote
                     workspace.theme.dir : C:\Users\oksilv\sencha-workstation\Inventori/packages/local,C:\Users\oksilv\sencha-workstation\Inventori/packages/${args.themeName}

Exception information:
=======================
C:\Users\oksilv\bin\Sencha\Cmd\6.6.0.13\plugin.xml:378: The following error occurred while executing this line:
java.io.FileNotFoundException: C:\Users\oksilv\sencha-workstation\Inventori\build\production\Inventori\build.xml (The system cannot find the file specified)
     at com.sencha.ant.AntScript.execute(AntScript.java:121)
     at com.sencha.command.plugin.PluginManager.execute(PluginManager.java:104)
     at com.sencha.command.plugin.PluginManager.executeReverseFirst(PluginManager.java:145)
     at com.sencha.command.environment.BuildEnvironment.execute(BuildEnvironment.java:309)
     at com.sencha.command.environment.AppOrPackageEnvironment.execute(AppOrPackageEnvironment.java:729)
     at com.sencha.command.BasePluginCommands$BasePluginCommand.doExecute(BasePluginCommands.java:125)
     at com.sencha.command.app.AppCommands$BuildCommand.execute(AppCommands.java:470)
     at com.sencha.command.app.AppCommands$WatchCommand.execute(AppCommands.java:909)
     at sun.reflect.NativeMethodAccessorImpl.invoke0(Native Method)
     at sun.reflect.NativeMethodAccessorImpl.invoke(Unknown Source)
     at sun.reflect.DelegatingMethodAccessorImpl.invoke(Unknown Source)
     at java.lang.reflect.Method.invoke(Unknown Source)
     at com.sencha.util.MethodInvoker$Arguments.invoke(MethodInvoker.java:175)
     at com.sencha.cli.Command.dispatch(Command.java:43)
     at com.sencha.command.BasePluginCommands$BasePluginCommand.dispatch(BasePluginCommands.java:289)
     at com.sencha.cli.Commands.dispatch(Commands.java:64)
     at com.sencha.cli.Commands.dispatch(Commands.java:64)
     at com.sencha.command.Sencha.dispatch(Sencha.java:80)
     at com.sencha.command.Sencha.main(Sencha.java:147)
     at sun.reflect.NativeMethodAccessorImpl.invoke0(Native Method)
     at sun.reflect.NativeMethodAccessorImpl.invoke(Unknown Source)
     at sun.reflect.DelegatingMethodAccessorImpl.invoke(Unknown Source)
     at java.lang.reflect.Method.invoke(Unknown Source)
     at com.exe4j.runtime.LauncherEngine.launch(LauncherEngine.java:65)
     at com.exe4j.runtime.WinLauncher.main(WinLauncher.java:101)
     at com.install4j.runtime.launcher.WinLauncher.main(WinLauncher.java:26)
   Caused by: The following error occurred while executing this line:
java.io.FileNotFoundException: C:\Users\oksilv\sencha-workstation\Inventori\build\production\Inventori\build.xml (The system cannot find the file specified)
     at org.apache.tools.ant.ProjectHelper.addLocationToBuildException(ProjectHelper.java:551)
     at org.apache.tools.ant.taskdefs.Ant.execute(Ant.java:395)
     at org.apache.tools.ant.UnknownElement.execute(UnknownElement.java:291)
     at sun.reflect.GeneratedMethodAccessor32.invoke(Unknown Source)
     at sun.reflect.DelegatingMethodAccessorImpl.invoke(Unknown Source)
     at java.lang.reflect.Method.invoke(Unknown Source)
     at org.apache.tools.ant.dispatch.DispatchUtils.execute(DispatchUtils.java:106)
     at org.apache.tools.ant.Task.perform(Task.java:348)
     at org.apache.tools.ant.taskdefs.Sequential.execute(Sequential.java:68)
     at net.sf.antcontrib.logic.IfTask.execute(IfTask.java:217)
     at sun.reflect.NativeMethodAccessorImpl.invoke0(Native Method)
     at sun.reflect.NativeMethodAccessorImpl.invoke(Unknown Source)
     at sun.reflect.DelegatingMethodAccessorImpl.invoke(Unknown Source)
     at java.lang.reflect.Method.invoke(Unknown Source)
     at org.apache.tools.ant.dispatch.DispatchUtils.execute(DispatchUtils.java:106)
     at org.apache.tools.ant.TaskAdapter.execute(TaskAdapter.java:154)
     at org.apache.tools.ant.UnknownElement.execute(UnknownElement.java:291)
     at sun.reflect.NativeMethodAccessorImpl.invoke0(Native Method)
     at sun.reflect.NativeMethodAccessorImpl.invoke(Unknown Source)
     at sun.reflect.DelegatingMethodAccessorImpl.invoke(Unknown Source)
     at java.lang.reflect.Method.invoke(Unknown Source)
     at org.apache.tools.ant.dispatch.DispatchUtils.execute(DispatchUtils.java:106)
     at org.apache.tools.ant.Task.perform(Task.java:348)
     at org.apache.tools.ant.Target.execute(Target.java:392)
     at org.apache.tools.ant.Target.performTasks(Target.java:413)
     at org.apache.tools.ant.Project.executeSortedTargets(Project.java:1399)
     at org.apache.tools.ant.Project.executeTarget(Project.java:1368)
     at org.apache.tools.ant.helper.DefaultExecutor.executeTargets(DefaultExecutor.java:41)
     at org.apache.tools.ant.Project.executeTargets(Project.java:1251)
     at com.sencha.ant.AntScript.execute(AntScript.java:117)
     at com.sencha.command.plugin.PluginManager.execute(PluginManager.java:104)
     at com.sencha.command.plugin.PluginManager.executeReverseFirst(PluginManager.java:145)
     at com.sencha.command.environment.BuildEnvironment.execute(BuildEnvironment.java:309)
     at com.sencha.command.environment.AppOrPackageEnvironment.execute(AppOrPackageEnvironment.java:729)
     at com.sencha.command.BasePluginCommands$BasePluginCommand.doExecute(BasePluginCommands.java:125)
     at com.sencha.command.app.AppCommands$BuildCommand.execute(AppCommands.java:470)
     at com.sencha.command.app.AppCommands$WatchCommand.execute(AppCommands.java:909)
     at sun.reflect.NativeMethodAccessorImpl.invoke0(Native Method)
     at sun.reflect.NativeMethodAccessorImpl.invoke(Unknown Source)
     at sun.reflect.DelegatingMethodAccessorImpl.invoke(Unknown Source)
     at java.lang.reflect.Method.invoke(Unknown Source)
     at com.sencha.util.MethodInvoker$Arguments.invoke(MethodInvoker.java:175)
     at com.sencha.cli.Command.dispatch(Command.java:43)
     at com.sencha.command.BasePluginCommands$BasePluginCommand.dispatch(BasePluginCommands.java:289)
     at com.sencha.cli.Commands.dispatch(Commands.java:64)
     at com.sencha.cli.Commands.dispatch(Commands.java:64)
     at com.sencha.command.Sencha.dispatch(Sencha.java:80)
     at com.sencha.command.Sencha.main(Sencha.java:147)
     at sun.reflect.NativeMethodAccessorImpl.invoke0(Native Method)
     at sun.reflect.NativeMethodAccessorImpl.invoke(Unknown Source)
     at sun.reflect.DelegatingMethodAccessorImpl.invoke(Unknown Source)
     at java.lang.reflect.Method.invoke(Unknown Source)
     at com.exe4j.runtime.LauncherEngine.launch(LauncherEngine.java:65)
     at com.exe4j.runtime.WinLauncher.main(WinLauncher.java:101)
     at com.install4j.runtime.launcher.WinLauncher.main(WinLauncher.java:26)
   Caused by: java.io.FileNotFoundException: C:\Users\oksilv\sencha-workstation\Inventori\build\production\Inventori\build.xml (The system cannot find the file specified)
     at org.apache.tools.ant.helper.ProjectHelper2.parse(ProjectHelper2.java:328)
     at org.apache.tools.ant.helper.ProjectHelper2.parse(ProjectHelper2.java:178)
     at org.apache.tools.ant.ProjectHelper.configureProject(ProjectHelper.java:82)
     at org.apache.tools.ant.taskdefs.Ant.execute(Ant.java:393)
     at org.apache.tools.ant.UnknownElement.execute(UnknownElement.java:291)
     at sun.reflect.GeneratedMethodAccessor32.invoke(Unknown Source)
     at sun.reflect.DelegatingMethodAccessorImpl.invoke(Unknown Source)
     at java.lang.reflect.Method.invoke(Unknown Source)
     at org.apache.tools.ant.dispatch.DispatchUtils.execute(DispatchUtils.java:106)
     at org.apache.tools.ant.Task.perform(Task.java:348)
     at org.apache.tools.ant.taskdefs.Sequential.execute(Sequential.java:68)
     at net.sf.antcontrib.logic.IfTask.execute(IfTask.java:217)
     at sun.reflect.NativeMethodAccessorImpl.invoke0(Native Method)
     at sun.reflect.NativeMethodAccessorImpl.invoke(Unknown Source)
     at sun.reflect.DelegatingMethodAccessorImpl.invoke(Unknown Source)
     at java.lang.reflect.Method.invoke(Unknown Source)
     at org.apache.tools.ant.dispatch.DispatchUtils.execute(DispatchUtils.java:106)
     at org.apache.tools.ant.TaskAdapter.execute(TaskAdapter.java:154)
     at org.apache.tools.ant.UnknownElement.execute(UnknownElement.java:291)
     at sun.reflect.NativeMethodAccessorImpl.invoke0(Native Method)
     at sun.reflect.NativeMethodAccessorImpl.invoke(Unknown Source)
     at sun.reflect.DelegatingMethodAccessorImpl.invoke(Unknown Source)
     at java.lang.reflect.Method.invoke(Unknown Source)
     at org.apache.tools.ant.dispatch.DispatchUtils.execute(DispatchUtils.java:106)
     at org.apache.tools.ant.Task.perform(Task.java:348)
     at org.apache.tools.ant.Target.execute(Target.java:392)
     at org.apache.tools.ant.Target.performTasks(Target.java:413)
     at org.apache.tools.ant.Project.executeSortedTargets(Project.java:1399)
     at org.apache.tools.ant.Project.executeTarget(Project.java:1368)
     at org.apache.tools.ant.helper.DefaultExecutor.executeTargets(DefaultExecutor.java:41)
     at org.apache.tools.ant.Project.executeTargets(Project.java:1251)
     at com.sencha.ant.AntScript.execute(AntScript.java:117)
     at com.sencha.command.plugin.PluginManager.execute(PluginManager.java:104)
     at com.sencha.command.plugin.PluginManager.executeReverseFirst(PluginManager.java:145)
     at com.sencha.command.environment.BuildEnvironment.execute(BuildEnvironment.java:309)
     at com.sencha.command.environment.AppOrPackageEnvironment.execute(AppOrPackageEnvironment.java:729)
     at com.sencha.command.BasePluginCommands$BasePluginCommand.doExecute(BasePluginCommands.java:125)
     at com.sencha.command.app.AppCommands$BuildCommand.execute(AppCommands.java:470)
     at com.sencha.command.app.AppCommands$WatchCommand.execute(AppCommands.java:909)
     at sun.reflect.NativeMethodAccessorImpl.invoke0(Native Method)
     at sun.reflect.NativeMethodAccessorImpl.invoke(Unknown Source)
     at sun.reflect.DelegatingMethodAccessorImpl.invoke(Unknown Source)
     at java.lang.reflect.Method.invoke(Unknown Source)
     at com.sencha.util.MethodInvoker$Arguments.invoke(MethodInvoker.java:175)
     at com.sencha.cli.Command.dispatch(Command.java:43)
     at com.sencha.command.BasePluginCommands$BasePluginCommand.dispatch(BasePluginCommands.java:289)
     at com.sencha.cli.Commands.dispatch(Commands.java:64)
     at com.sencha.cli.Commands.dispatch(Commands.java:64)
     at com.sencha.command.Sencha.dispatch(Sencha.java:80)
     at com.sencha.command.Sencha.main(Sencha.java:147)
     at sun.reflect.NativeMethodAccessorImpl.invoke0(Native Method)
     at sun.reflect.NativeMethodAccessorImpl.invoke(Unknown Source)
     at sun.reflect.DelegatingMethodAccessorImpl.invoke(Unknown Source)
     at java.lang.reflect.Method.invoke(Unknown Source)
     at com.exe4j.runtime.LauncherEngine.launch(LauncherEngine.java:65)
     at com.exe4j.runtime.WinLauncher.main(WinLauncher.java:101)
     at com.install4j.runtime.launcher.WinLauncher.main(WinLauncher.java:26)
   Caused by: C:\Users\oksilv\sencha-workstation\Inventori\build\production\Inventori\build.xml (The system cannot find the file specified)
     at java.io.FileInputStream.open0(Native Method)
     at java.io.FileInputStream.open(Unknown Source)
     at java.io.FileInputStream.<init>(Unknown Source)
     at org.apache.tools.ant.helper.ProjectHelper2.parse(ProjectHelper2.java:278)
     at org.apache.tools.ant.helper.ProjectHelper2.parse(ProjectHelper2.java:178)
     at org.apache.tools.ant.ProjectHelper.configureProject(ProjectHelper.java:82)
     at org.apache.tools.ant.taskdefs.Ant.execute(Ant.java:393)
     at org.apache.tools.ant.UnknownElement.execute(UnknownElement.java:291)
     at sun.reflect.GeneratedMethodAccessor32.invoke(Unknown Source)
     at sun.reflect.DelegatingMethodAccessorImpl.invoke(Unknown Source)
     at java.lang.reflect.Method.invoke(Unknown Source)
     at org.apache.tools.ant.dispatch.DispatchUtils.execute(DispatchUtils.java:106)
     at org.apache.tools.ant.Task.perform(Task.java:348)
     at org.apache.tools.ant.taskdefs.Sequential.execute(Sequential.java:68)
     at net.sf.antcontrib.logic.IfTask.execute(IfTask.java:217)
     at sun.reflect.NativeMethodAccessorImpl.invoke0(Native Method)
     at sun.reflect.NativeMethodAccessorImpl.invoke(Unknown Source)
     at sun.reflect.DelegatingMethodAccessorImpl.invoke(Unknown Source)
     at java.lang.reflect.Method.invoke(Unknown Source)
     at org.apache.tools.ant.dispatch.DispatchUtils.execute(DispatchUtils.java:106)
     at org.apache.tools.ant.TaskAdapter.execute(TaskAdapter.java:154)
     at org.apache.tools.ant.UnknownElement.execute(UnknownElement.java:291)
     at sun.reflect.NativeMethodAccessorImpl.invoke0(Native Method)
     at sun.reflect.NativeMethodAccessorImpl.invoke(Unknown Source)
     at sun.reflect.DelegatingMethodAccessorImpl.invoke(Unknown Source)
     at java.lang.reflect.Method.invoke(Unknown Source)
     at org.apache.tools.ant.dispatch.DispatchUtils.execute(DispatchUtils.java:106)
     at org.apache.tools.ant.Task.perform(Task.java:348)
     at org.apache.tools.ant.Target.execute(Target.java:392)
     at org.apache.tools.ant.Target.performTasks(Target.java:413)
     at org.apache.tools.ant.Project.executeSortedTargets(Project.java:1399)
     at org.apache.tools.ant.Project.executeTarget(Project.java:1368)
     at org.apache.tools.ant.helper.DefaultExecutor.executeTargets(DefaultExecutor.java:41)
     at org.apache.tools.ant.Project.executeTargets(Project.java:1251)
     at com.sencha.ant.AntScript.execute(AntScript.java:117)
     at com.sencha.command.plugin.PluginManager.execute(PluginManager.java:104)
     at com.sencha.command.plugin.PluginManager.executeReverseFirst(PluginManager.java:145)
     at com.sencha.command.environment.BuildEnvironment.execute(BuildEnvironment.java:309)
     at com.sencha.command.environment.AppOrPackageEnvironment.execute(AppOrPackageEnvironment.java:729)
     at com.sencha.command.BasePluginCommands$BasePluginCommand.doExecute(BasePluginCommands.java:125)
     at com.sencha.command.app.AppCommands$BuildCommand.execute(AppCommands.java:470)
     at com.sencha.command.app.AppCommands$WatchCommand.execute(AppCommands.java:909)
     at sun.reflect.NativeMethodAccessorImpl.invoke0(Native Method)
     at sun.reflect.NativeMethodAccessorImpl.invoke(Unknown Source)
     at sun.reflect.DelegatingMethodAccessorImpl.invoke(Unknown Source)
     at java.lang.reflect.Method.invoke(Unknown Source)
     at com.sencha.util.MethodInvoker$Arguments.invoke(MethodInvoker.java:175)
     at com.sencha.cli.Command.dispatch(Command.java:43)
     at com.sencha.command.BasePluginCommands$BasePluginCommand.dispatch(BasePluginCommands.java:289)
     at com.sencha.cli.Commands.dispatch(Commands.java:64)
     at com.sencha.cli.Commands.dispatch(Commands.java:64)
     at com.sencha.command.Sencha.dispatch(Sencha.java:80)
     at com.sencha.command.Sencha.main(Sencha.java:147)
     at sun.reflect.NativeMethodAccessorImpl.invoke0(Native Method)
     at sun.reflect.NativeMethodAccessorImpl.invoke(Unknown Source)
     at sun.reflect.DelegatingMethodAccessorImpl.invoke(Unknown Source)
     at java.lang.reflect.Method.invoke(Unknown Source)
     at com.exe4j.runtime.LauncherEngine.launch(LauncherEngine.java:65)
     at com.exe4j.runtime.WinLauncher.main(WinLauncher.java:101)
     at com.install4j.runtime.launcher.WinLauncher.main(WinLauncher.java:26)

